# JRE version: OpenJDK Runtime Environment (21.0.8) (build 21.0.8+-14196175-b1038.72)
# Java VM: OpenJDK 64-Bit Server VM (21.0.8+-14196175-b1038.72, mixed mode, tiered, compressed oops, compressed class ptrs, g1 gc, windows-amd64)
GC Precious Log:
 CardTable entry size: 512
 Card Set container configuration: InlinePtr #cards 5 size 8 Array Of Cards #cards 12 size 40 Howl #buckets 4 coarsen threshold 1843 Howl Bitmap #cards 512 size 80 coarsen threshold 460 Card regions per heap region 1 cards per card region 2048
 CPUs: 8 total, 8 available
 Memory: 16167M
 Large Page Support: Disabled
 NUMA Support: Disabled
 Compressed Oops: Enabled (32-bit)
 Heap Region Size: 1M
 Heap Min Capacity: 8M
 Heap Initial Capacity: 254M
 Heap Max Capacity: 2G
 Pre-touch: Disabled
 Parallel Workers: 8
 Concurrent Workers: 2
 Concurrent Refinement Workers: 8
 Periodic GC: Disabled
Heap:
 garbage-first heap   total 288768K, used 241620K [0x0000000080000000, 0x0000000100000000)
  region size 1024K, 78 young (79872K), 8 survivors (8192K)
 Metaspace       used 134929K, committed 137152K, reserved 1179648K
  class space    used 18790K, committed 19904K, reserved 1048576K
GC Heap History (20 events):
Event: 14.996 GC heap before
{Heap before GC invocations=43 (full 0):
 garbage-first heap   total 199680K, used 181069K [0x0000000080000000, 0x0000000100000000)
  region size 1024K, 65 young (66560K), 6 survivors (6144K)
 Metaspace       used 121763K, committed 123840K, reserved 1179648K
  class space    used 17161K, committed 18176K, reserved 1048576K
}
Event: 15.002 GC heap after
{Heap after GC invocations=44 (full 0):
 garbage-first heap   total 239616K, used 123930K [0x0000000080000000, 0x0000000100000000)
  region size 1024K, 7 young (7168K), 7 survivors (7168K)
 Metaspace       used 121763K, committed 123840K, reserved 1179648K
  class space    used 17161K, committed 18176K, reserved 1048576K
}
Event: 15.829 GC heap before
{Heap before GC invocations=45 (full 0):
 garbage-first heap   total 239616K, used 217114K [0x0000000080000000, 0x0000000100000000)
  region size 1024K, 98 young (100352K), 7 survivors (7168K)
 Metaspace       used 125838K, committed 128064K, reserved 1179648K
  class space    used 17730K, committed 18816K, reserved 1048576K
}
Event: 15.837 GC heap after
{Heap after GC invocations=46 (full 0):
 garbage-first heap   total 239616K, used 132601K [0x0000000080000000, 0x0000000100000000)
  region size 1024K, 13 young (13312K), 13 survivors (13312K)
 Metaspace       used 125838K, committed 128064K, reserved 1179648K
  class space    used 17730K, committed 18816K, reserved 1048576K
}
Event: 16.714 GC heap before
{Heap before GC invocations=46 (full 0):
 garbage-first heap   total 239616K, used 216569K [0x0000000080000000, 0x0000000100000000)
  region size 1024K, 91 young (93184K), 13 survivors (13312K)
 Metaspace       used 130185K, committed 132416K, reserved 1179648K
  class space    used 18169K, committed 19264K, reserved 1048576K
}
Event: 16.729 GC heap after
{Heap after GC invocations=47 (full 0):
 garbage-first heap   total 246784K, used 145407K [0x0000000080000000, 0x0000000100000000)
  region size 1024K, 12 young (12288K), 12 survivors (12288K)
 Metaspace       used 130185K, committed 132416K, reserved 1179648K
  class space    used 18169K, committed 19264K, reserved 1048576K
}
Event: 17.313 GC heap before
{Heap before GC invocations=47 (full 0):
 garbage-first heap   total 246784K, used 220159K [0x0000000080000000, 0x0000000100000000)
  region size 1024K, 86 young (88064K), 12 survivors (12288K)
 Metaspace       used 130416K, committed 132608K, reserved 1179648K
  class space    used 18179K, committed 19264K, reserved 1048576K
}
Event: 17.324 GC heap after
{Heap after GC invocations=48 (full 0):
 garbage-first heap   total 246784K, used 156160K [0x0000000080000000, 0x0000000100000000)
  region size 1024K, 9 young (9216K), 9 survivors (9216K)
 Metaspace       used 130416K, committed 132608K, reserved 1179648K
  class space    used 18179K, committed 19264K, reserved 1048576K
}
Event: 17.746 GC heap before
{Heap before GC invocations=49 (full 0):
 garbage-first heap   total 261120K, used 221696K [0x0000000080000000, 0x0000000100000000)
  region size 1024K, 74 young (75776K), 9 survivors (9216K)
 Metaspace       used 130439K, committed 132672K, reserved 1179648K
  class space    used 18179K, committed 19264K, reserved 1048576K
}
Event: 17.752 GC heap after
{Heap after GC invocations=50 (full 0):
 garbage-first heap   total 261120K, used 157696K [0x0000000080000000, 0x0000000100000000)
  region size 1024K, 4 young (4096K), 4 survivors (4096K)
 Metaspace       used 130439K, committed 132672K, reserved 1179648K
  class space    used 18179K, committed 19264K, reserved 1048576K
}
Event: 18.168 GC heap before
{Heap before GC invocations=50 (full 0):
 garbage-first heap   total 261120K, used 238592K [0x0000000080000000, 0x0000000100000000)
  region size 1024K, 82 young (83968K), 4 survivors (4096K)
 Metaspace       used 130782K, committed 132992K, reserved 1179648K
  class space    used 18242K, committed 19328K, reserved 1048576K
}
Event: 18.173 GC heap after
{Heap after GC invocations=51 (full 0):
 garbage-first heap   total 261120K, used 159219K [0x0000000080000000, 0x0000000100000000)
  region size 1024K, 8 young (8192K), 8 survivors (8192K)
 Metaspace       used 130782K, committed 132992K, reserved 1179648K
  class space    used 18242K, committed 19328K, reserved 1048576K
}
Event: 18.740 GC heap before
{Heap before GC invocations=51 (full 0):
 garbage-first heap   total 261120K, used 236019K [0x0000000080000000, 0x0000000100000000)
  region size 1024K, 84 young (86016K), 8 survivors (8192K)
 Metaspace       used 130967K, committed 133184K, reserved 1179648K
  class space    used 18269K, committed 19392K, reserved 1048576K
}
Event: 18.746 GC heap after
{Heap after GC invocations=52 (full 0):
 garbage-first heap   total 261120K, used 163129K [0x0000000080000000, 0x0000000100000000)
  region size 1024K, 10 young (10240K), 10 survivors (10240K)
 Metaspace       used 130967K, committed 133184K, reserved 1179648K
  class space    used 18269K, committed 19392K, reserved 1048576K
}
Event: 19.012 GC heap before
{Heap before GC invocations=53 (full 0):
 garbage-first heap   total 275456K, used 233785K [0x0000000080000000, 0x0000000100000000)
  region size 1024K, 80 young (81920K), 10 survivors (10240K)
 Metaspace       used 130968K, committed 133184K, reserved 1179648K
  class space    used 18269K, committed 19392K, reserved 1048576K
}
Event: 19.019 GC heap after
{Heap after GC invocations=54 (full 0):
 garbage-first heap   total 275456K, used 164361K [0x0000000080000000, 0x0000000100000000)
  region size 1024K, 7 young (7168K), 7 survivors (7168K)
 Metaspace       used 130968K, committed 133184K, reserved 1179648K
  class space    used 18269K, committed 19392K, reserved 1048576K
}
Event: 19.926 GC heap before
{Heap before GC invocations=54 (full 0):
 garbage-first heap   total 275456K, used 252425K [0x0000000080000000, 0x0000000100000000)
  region size 1024K, 94 young (96256K), 7 survivors (7168K)
 Metaspace       used 131339K, committed 133568K, reserved 1179648K
  class space    used 18307K, committed 19392K, reserved 1048576K
}
Event: 19.933 GC heap after
{Heap after GC invocations=55 (full 0):
 garbage-first heap   total 275456K, used 166363K [0x0000000080000000, 0x0000000100000000)
  region size 1024K, 9 young (9216K), 9 survivors (9216K)
 Metaspace       used 131339K, committed 133568K, reserved 1179648K
  class space    used 18307K, committed 19392K, reserved 1048576K
}
Event: 20.887 GC heap before
{Heap before GC invocations=55 (full 0):
 garbage-first heap   total 275456K, used 249307K [0x0000000080000000, 0x0000000100000000)
  region size 1024K, 91 young (93184K), 9 survivors (9216K)
 Metaspace       used 134683K, committed 136896K, reserved 1179648K
  class space    used 18739K, committed 19840K, reserved 1048576K
}
Event: 20.893 GC heap after
{Heap after GC invocations=56 (full 0):
 garbage-first heap   total 275456K, used 171988K [0x0000000080000000, 0x0000000100000000)
  region size 1024K, 8 young (8192K), 8 survivors (8192K)
 Metaspace       used 134683K, committed 136896K, reserved 1179648K
  class space    used 18739K, committed 19840K, reserved 1048576K
}

